=== === === === === === === === === === === === ===
Current: title (<title>)
Stack: [
  {
    "name": "title",
    "type": "elementOpenTag",
    "value": "<title>",
    "attributes": {},
    "children": []
  }
]
Tree: []
=== === === === === === === === === === === === ===
Current: child (Example Feed)
Stack: [
  {
    "name": "title",
    "type": "elementOpenTag",
    "value": "<title>",
    "attributes": {},
    "children": [
      {
        "name": "child",
        "type": "text",
        "value": "Example Feed",
        "attributes": {},
        "children": []
      }
    ]
  }
]
Tree: []
=== === === === === === === === === === === === ===
Current: title (</title>)
Stack: []
Tree: [
  {
    "name": "title",
    "type": "elementOpenTag",
    "value": "<title>",
    "attributes": {},
    "children": [
      {
        "name": "child",
        "type": "text",
        "value": "Example Feed",
        "attributes": {},
        "children": []
      }
    ]
  }
]
=== === === === === === === === === === === === ===
Current: link (<link href="http://example.org/"/>)
Stack: []
Tree: [
  {
    "name": "title",
    "type": "elementOpenTag",
    "value": "<title>",
    "attributes": {},
    "children": [
      {
        "name": "child",
        "type": "text",
        "value": "Example Feed",
        "attributes": {},
        "children": []
      }
    ]
  },
  {
    "name": "link",
    "type": "elementSelfClosingTag",
    "value": "<link href=\"http://example.org/\"/>",
    "attributes": {
      "href": "http://example.org/"
    },
    "children": []
  }
]
=== === === === === === === === === === === === ===
Current: updated (<updated>)
Stack: [
  {
    "name": "updated",
    "type": "elementOpenTag",
    "value": "<updated>",
    "attributes": {},
    "children": []
  }
]
Tree: [
  {
    "name": "title",
    "type": "elementOpenTag",
    "value": "<title>",
    "attributes": {},
    "children": [
      {
        "name": "child",
        "type": "text",
        "value": "Example Feed",
        "attributes": {},
        "children": []
      }
    ]
  },
  {
    "name": "link",
    "type": "elementSelfClosingTag",
    "value": "<link href=\"http://example.org/\"/>",
    "attributes": {
      "href": "http://example.org/"
    },
    "children": []
  }
]
=== === === === === === === === === === === === ===
Current: child (2003-12-13T18:30:02Z)
Stack: [
  {
    "name": "updated",
    "type": "elementOpenTag",
    "value": "<updated>",
    "attributes": {},
    "children": [
      {
        "name": "child",
        "type": "text",
        "value": "2003-12-13T18:30:02Z",
        "attributes": {},
        "children": []
      }
    ]
  }
]
Tree: [
  {
    "name": "title",
    "type": "elementOpenTag",
    "value": "<title>",
    "attributes": {},
    "children": [
      {
        "name": "child",
        "type": "text",
        "value": "Example Feed",
        "attributes": {},
        "children": []
      }
    ]
  },
  {
    "name": "link",
    "type": "elementSelfClosingTag",
    "value": "<link href=\"http://example.org/\"/>",
    "attributes": {
      "href": "http://example.org/"
    },
    "children": []
  }
]
=== === === === === === === === === === === === ===
Current: updated (</updated>)
Stack: []
Tree: [
  {
    "name": "title",
    "type": "elementOpenTag",
    "value": "<title>",
    "attributes": {},
    "children": [
      {
        "name": "child",
        "type": "text",
        "value": "Example Feed",
        "attributes": {},
        "children": []
      }
    ]
  },
  {
    "name": "link",
    "type": "elementSelfClosingTag",
    "value": "<link href=\"http://example.org/\"/>",
    "attributes": {
      "href": "http://example.org/"
    },
    "children": []
  },
  {
    "name": "updated",
    "type": "elementOpenTag",
    "value": "<updated>",
    "attributes": {},
    "children": [
      {
        "name": "child",
        "type": "text",
        "value": "2003-12-13T18:30:02Z",
        "attributes": {},
        "children": []
      }
    ]
  }
]
=== === === === === === === === === === === === ===
Current: author (<author>)
Stack: [
  {
    "name": "author",
    "type": "elementOpenTag",
    "value": "<author>",
    "attributes": {},
    "children": []
  }
]
Tree: [
  {
    "name": "title",
    "type": "elementOpenTag",
    "value": "<title>",
    "attributes": {},
    "children": [
      {
        "name": "child",
        "type": "text",
        "value": "Example Feed",
        "attributes": {},
        "children": []
      }
    ]
  },
  {
    "name": "link",
    "type": "elementSelfClosingTag",
    "value": "<link href=\"http://example.org/\"/>",
    "attributes": {
      "href": "http://example.org/"
    },
    "children": []
  },
  {
    "name": "updated",
    "type": "elementOpenTag",
    "value": "<updated>",
    "attributes": {},
    "children": [
      {
        "name": "child",
        "type": "text",
        "value": "2003-12-13T18:30:02Z",
        "attributes": {},
        "children": []
      }
    ]
  }
]
=== === === === === === === === === === === === ===
Current: name (<name>)
Stack: [
  {
    "name": "author",
    "type": "elementOpenTag",
    "value": "<author>",
    "attributes": {},
    "children": [
      {
        "name": "name",
        "type": "elementOpenTag",
        "value": "<name>",
        "attributes": {},
        "children": []
      }
    ]
  }
]
Tree: [
  {
    "name": "title",
    "type": "elementOpenTag",
    "value": "<title>",
    "attributes": {},
    "children": [
      {
        "name": "child",
        "type": "text",
        "value": "Example Feed",
        "attributes": {},
        "children": []
      }
    ]
  },
  {
    "name": "link",
    "type": "elementSelfClosingTag",
    "value": "<link href=\"http://example.org/\"/>",
    "attributes": {
      "href": "http://example.org/"
    },
    "children": []
  },
  {
    "name": "updated",
    "type": "elementOpenTag",
    "value": "<updated>",
    "attributes": {},
    "children": [
      {
        "name": "child",
        "type": "text",
        "value": "2003-12-13T18:30:02Z",
        "attributes": {},
        "children": []
      }
    ]
  }
]
=== === === === === === === === === === === === ===
Current: child (John Doe)
Stack: [
  {
    "name": "author",
    "type": "elementOpenTag",
    "value": "<author>",
    "attributes": {},
    "children": [
      {
        "name": "name",
        "type": "elementOpenTag",
        "value": "<name>",
        "attributes": {},
        "children": [
          {
            "name": "child",
            "type": "text",
            "value": "John Doe",
            "attributes": {},
            "children": []
          }
        ]
      }
    ]
  }
]
Tree: [
  {
    "name": "title",
    "type": "elementOpenTag",
    "value": "<title>",
    "attributes": {},
    "children": [
      {
        "name": "child",
        "type": "text",
        "value": "Example Feed",
        "attributes": {},
        "children": []
      }
    ]
  },
  {
    "name": "link",
    "type": "elementSelfClosingTag",
    "value": "<link href=\"http://example.org/\"/>",
    "attributes": {
      "href": "http://example.org/"
    },
    "children": []
  },
  {
    "name": "updated",
    "type": "elementOpenTag",
    "value": "<updated>",
    "attributes": {},
    "children": [
      {
        "name": "child",
        "type": "text",
        "value": "2003-12-13T18:30:02Z",
        "attributes": {},
        "children": []
      }
    ]
  }
]
=== === === === === === === === === === === === ===
Current: name (</name>)
Stack: []
Tree: [
  {
    "name": "title",
    "type": "elementOpenTag",
    "value": "<title>",
    "attributes": {},
    "children": [
      {
        "name": "child",
        "type": "text",
        "value": "Example Feed",
        "attributes": {},
        "children": []
      }
    ]
  },
  {
    "name": "link",
    "type": "elementSelfClosingTag",
    "value": "<link href=\"http://example.org/\"/>",
    "attributes": {
      "href": "http://example.org/"
    },
    "children": []
  },
  {
    "name": "updated",
    "type": "elementOpenTag",
    "value": "<updated>",
    "attributes": {},
    "children": [
      {
        "name": "child",
        "type": "text",
        "value": "2003-12-13T18:30:02Z",
        "attributes": {},
        "children": []
      }
    ]
  },
  {
    "name": "author",
    "type": "elementOpenTag",
    "value": "<author>",
    "attributes": {},
    "children": [
      {
        "name": "name",
        "type": "elementOpenTag",
        "value": "<name>",
        "attributes": {},
        "children": [
          {
            "name": "child",
            "type": "text",
            "value": "John Doe",
            "attributes": {},
            "children": []
          }
        ]
      }
    ]
  }
]
=== === === === === === === === === === === === ===
Current: author (</author>)
Stack: []
Tree: [
  {
    "name": "title",
    "type": "elementOpenTag",
    "value": "<title>",
    "attributes": {},
    "children": [
      {
        "name": "child",
        "type": "text",
        "value": "Example Feed",
        "attributes": {},
        "children": []
      }
    ]
  },
  {
    "name": "link",
    "type": "elementSelfClosingTag",
    "value": "<link href=\"http://example.org/\"/>",
    "attributes": {
      "href": "http://example.org/"
    },
    "children": []
  },
  {
    "name": "updated",
    "type": "elementOpenTag",
    "value": "<updated>",
    "attributes": {},
    "children": [
      {
        "name": "child",
        "type": "text",
        "value": "2003-12-13T18:30:02Z",
        "attributes": {},
        "children": []
      }
    ]
  },
  {
    "name": "author",
    "type": "elementOpenTag",
    "value": "<author>",
    "attributes": {},
    "children": [
      {
        "name": "name",
        "type": "elementOpenTag",
        "value": "<name>",
        "attributes": {},
        "children": [
          {
            "name": "child",
            "type": "text",
            "value": "John Doe",
            "attributes": {},
            "children": []
          }
        ]
      }
    ]
  }
]
=== === === === === === === === === === === === ===
Current: id (<id>)
Stack: [
  {
    "name": "id",
    "type": "elementOpenTag",
    "value": "<id>",
    "attributes": {},
    "children": []
  }
]
Tree: [
  {
    "name": "title",
    "type": "elementOpenTag",
    "value": "<title>",
    "attributes": {},
    "children": [
      {
        "name": "child",
        "type": "text",
        "value": "Example Feed",
        "attributes": {},
        "children": []
      }
    ]
  },
  {
    "name": "link",
    "type": "elementSelfClosingTag",
    "value": "<link href=\"http://example.org/\"/>",
    "attributes": {
      "href": "http://example.org/"
    },
    "children": []
  },
  {
    "name": "updated",
    "type": "elementOpenTag",
    "value": "<updated>",
    "attributes": {},
    "children": [
      {
        "name": "child",
        "type": "text",
        "value": "2003-12-13T18:30:02Z",
        "attributes": {},
        "children": []
      }
    ]
  },
  {
    "name": "author",
    "type": "elementOpenTag",
    "value": "<author>",
    "attributes": {},
    "children": [
      {
        "name": "name",
        "type": "elementOpenTag",
        "value": "<name>",
        "attributes": {},
        "children": [
          {
            "name": "child",
            "type": "text",
            "value": "John Doe",
            "attributes": {},
            "children": []
          }
        ]
      }
    ]
  }
]
=== === === === === === === === === === === === ===
Current: child (urn:uuid:60a76c80-d399-11d9-b93C-0003939e0af6)
Stack: [
  {
    "name": "id",
    "type": "elementOpenTag",
    "value": "<id>",
    "attributes": {},
    "children": [
      {
        "name": "child",
        "type": "text",
        "value": "urn:uuid:60a76c80-d399-11d9-b93C-0003939e0af6",
        "attributes": {},
        "children": []
      }
    ]
  }
]
Tree: [
  {
    "name": "title",
    "type": "elementOpenTag",
    "value": "<title>",
    "attributes": {},
    "children": [
      {
        "name": "child",
        "type": "text",
        "value": "Example Feed",
        "attributes": {},
        "children": []
      }
    ]
  },
  {
    "name": "link",
    "type": "elementSelfClosingTag",
    "value": "<link href=\"http://example.org/\"/>",
    "attributes": {
      "href": "http://example.org/"
    },
    "children": []
  },
  {
    "name": "updated",
    "type": "elementOpenTag",
    "value": "<updated>",
    "attributes": {},
    "children": [
      {
        "name": "child",
        "type": "text",
        "value": "2003-12-13T18:30:02Z",
        "attributes": {},
        "children": []
      }
    ]
  },
  {
    "name": "author",
    "type": "elementOpenTag",
    "value": "<author>",
    "attributes": {},
    "children": [
      {
        "name": "name",
        "type": "elementOpenTag",
        "value": "<name>",
        "attributes": {},
        "children": [
          {
            "name": "child",
            "type": "text",
            "value": "John Doe",
            "attributes": {},
            "children": []
          }
        ]
      }
    ]
  }
]
=== === === === === === === === === === === === ===
Current: id (</id>)
Stack: []
Tree: [
  {
    "name": "title",
    "type": "elementOpenTag",
    "value": "<title>",
    "attributes": {},
    "children": [
      {
        "name": "child",
        "type": "text",
        "value": "Example Feed",
        "attributes": {},
        "children": []
      }
    ]
  },
  {
    "name": "link",
    "type": "elementSelfClosingTag",
    "value": "<link href=\"http://example.org/\"/>",
    "attributes": {
      "href": "http://example.org/"
    },
    "children": []
  },
  {
    "name": "updated",
    "type": "elementOpenTag",
    "value": "<updated>",
    "attributes": {},
    "children": [
      {
        "name": "child",
        "type": "text",
        "value": "2003-12-13T18:30:02Z",
        "attributes": {},
        "children": []
      }
    ]
  },
  {
    "name": "author",
    "type": "elementOpenTag",
    "value": "<author>",
    "attributes": {},
    "children": [
      {
        "name": "name",
        "type": "elementOpenTag",
        "value": "<name>",
        "attributes": {},
        "children": [
          {
            "name": "child",
            "type": "text",
            "value": "John Doe",
            "attributes": {},
            "children": []
          }
        ]
      }
    ]
  },
  {
    "name": "id",
    "type": "elementOpenTag",
    "value": "<id>",
    "attributes": {},
    "children": [
      {
        "name": "child",
        "type": "text",
        "value": "urn:uuid:60a76c80-d399-11d9-b93C-0003939e0af6",
        "attributes": {},
        "children": []
      }
    ]
  }
]
=== === === === === === === === === === === === ===
Current: entry (<entry>)
Stack: [
  {
    "name": "entry",
    "type": "elementOpenTag",
    "value": "<entry>",
    "attributes": {},
    "children": []
  }
]
Tree: [
  {
    "name": "title",
    "type": "elementOpenTag",
    "value": "<title>",
    "attributes": {},
    "children": [
      {
        "name": "child",
        "type": "text",
        "value": "Example Feed",
        "attributes": {},
        "children": []
      }
    ]
  },
  {
    "name": "link",
    "type": "elementSelfClosingTag",
    "value": "<link href=\"http://example.org/\"/>",
    "attributes": {
      "href": "http://example.org/"
    },
    "children": []
  },
  {
    "name": "updated",
    "type": "elementOpenTag",
    "value": "<updated>",
    "attributes": {},
    "children": [
      {
        "name": "child",
        "type": "text",
        "value": "2003-12-13T18:30:02Z",
        "attributes": {},
        "children": []
      }
    ]
  },
  {
    "name": "author",
    "type": "elementOpenTag",
    "value": "<author>",
    "attributes": {},
    "children": [
      {
        "name": "name",
        "type": "elementOpenTag",
        "value": "<name>",
        "attributes": {},
        "children": [
          {
            "name": "child",
            "type": "text",
            "value": "John Doe",
            "attributes": {},
            "children": []
          }
        ]
      }
    ]
  },
  {
    "name": "id",
    "type": "elementOpenTag",
    "value": "<id>",
    "attributes": {},
    "children": [
      {
        "name": "child",
        "type": "text",
        "value": "urn:uuid:60a76c80-d399-11d9-b93C-0003939e0af6",
        "attributes": {},
        "children": []
      }
    ]
  }
]
=== === === === === === === === === === === === ===
Current: title (<title>)
Stack: [
  {
    "name": "entry",
    "type": "elementOpenTag",
    "value": "<entry>",
    "attributes": {},
    "children": [
      {
        "name": "title",
        "type": "elementOpenTag",
        "value": "<title>",
        "attributes": {},
        "children": []
      }
    ]
  }
]
Tree: [
  {
    "name": "title",
    "type": "elementOpenTag",
    "value": "<title>",
    "attributes": {},
    "children": [
      {
        "name": "child",
        "type": "text",
        "value": "Example Feed",
        "attributes": {},
        "children": []
      }
    ]
  },
  {
    "name": "link",
    "type": "elementSelfClosingTag",
    "value": "<link href=\"http://example.org/\"/>",
    "attributes": {
      "href": "http://example.org/"
    },
    "children": []
  },
  {
    "name": "updated",
    "type": "elementOpenTag",
    "value": "<updated>",
    "attributes": {},
    "children": [
      {
        "name": "child",
        "type": "text",
        "value": "2003-12-13T18:30:02Z",
        "attributes": {},
        "children": []
      }
    ]
  },
  {
    "name": "author",
    "type": "elementOpenTag",
    "value": "<author>",
    "attributes": {},
    "children": [
      {
        "name": "name",
        "type": "elementOpenTag",
        "value": "<name>",
        "attributes": {},
        "children": [
          {
            "name": "child",
            "type": "text",
            "value": "John Doe",
            "attributes": {},
            "children": []
          }
        ]
      }
    ]
  },
  {
    "name": "id",
    "type": "elementOpenTag",
    "value": "<id>",
    "attributes": {},
    "children": [
      {
        "name": "child",
        "type": "text",
        "value": "urn:uuid:60a76c80-d399-11d9-b93C-0003939e0af6",
        "attributes": {},
        "children": []
      }
    ]
  }
]
=== === === === === === === === === === === === ===
Current: child (Atom-Powered Robots Run Amok)
Stack: [
  {
    "name": "entry",
    "type": "elementOpenTag",
    "value": "<entry>",
    "attributes": {},
    "children": [
      {
        "name": "title",
        "type": "elementOpenTag",
        "value": "<title>",
        "attributes": {},
        "children": [
          {
            "name": "child",
            "type": "text",
            "value": "Atom-Powered Robots Run Amok",
            "attributes": {},
            "children": []
          }
        ]
      }
    ]
  }
]
Tree: [
  {
    "name": "title",
    "type": "elementOpenTag",
    "value": "<title>",
    "attributes": {},
    "children": [
      {
        "name": "child",
        "type": "text",
        "value": "Example Feed",
        "attributes": {},
        "children": []
      }
    ]
  },
  {
    "name": "link",
    "type": "elementSelfClosingTag",
    "value": "<link href=\"http://example.org/\"/>",
    "attributes": {
      "href": "http://example.org/"
    },
    "children": []
  },
  {
    "name": "updated",
    "type": "elementOpenTag",
    "value": "<updated>",
    "attributes": {},
    "children": [
      {
        "name": "child",
        "type": "text",
        "value": "2003-12-13T18:30:02Z",
        "attributes": {},
        "children": []
      }
    ]
  },
  {
    "name": "author",
    "type": "elementOpenTag",
    "value": "<author>",
    "attributes": {},
    "children": [
      {
        "name": "name",
        "type": "elementOpenTag",
        "value": "<name>",
        "attributes": {},
        "children": [
          {
            "name": "child",
            "type": "text",
            "value": "John Doe",
            "attributes": {},
            "children": []
          }
        ]
      }
    ]
  },
  {
    "name": "id",
    "type": "elementOpenTag",
    "value": "<id>",
    "attributes": {},
    "children": [
      {
        "name": "child",
        "type": "text",
        "value": "urn:uuid:60a76c80-d399-11d9-b93C-0003939e0af6",
        "attributes": {},
        "children": []
      }
    ]
  }
]
=== === === === === === === === === === === === ===
Current: title (</title>)
Stack: []
Tree: [
  {
    "name": "title",
    "type": "elementOpenTag",
    "value": "<title>",
    "attributes": {},
    "children": [
      {
        "name": "child",
        "type": "text",
        "value": "Example Feed",
        "attributes": {},
        "children": []
      }
    ]
  },
  {
    "name": "link",
    "type": "elementSelfClosingTag",
    "value": "<link href=\"http://example.org/\"/>",
    "attributes": {
      "href": "http://example.org/"
    },
    "children": []
  },
  {
    "name": "updated",
    "type": "elementOpenTag",
    "value": "<updated>",
    "attributes": {},
    "children": [
      {
        "name": "child",
        "type": "text",
        "value": "2003-12-13T18:30:02Z",
        "attributes": {},
        "children": []
      }
    ]
  },
  {
    "name": "author",
    "type": "elementOpenTag",
    "value": "<author>",
    "attributes": {},
    "children": [
      {
        "name": "name",
        "type": "elementOpenTag",
        "value": "<name>",
        "attributes": {},
        "children": [
          {
            "name": "child",
            "type": "text",
            "value": "John Doe",
            "attributes": {},
            "children": []
          }
        ]
      }
    ]
  },
  {
    "name": "id",
    "type": "elementOpenTag",
    "value": "<id>",
    "attributes": {},
    "children": [
      {
        "name": "child",
        "type": "text",
        "value": "urn:uuid:60a76c80-d399-11d9-b93C-0003939e0af6",
        "attributes": {},
        "children": []
      }
    ]
  },
  {
    "name": "entry",
    "type": "elementOpenTag",
    "value": "<entry>",
    "attributes": {},
    "children": [
      {
        "name": "title",
        "type": "elementOpenTag",
        "value": "<title>",
        "attributes": {},
        "children": [
          {
            "name": "child",
            "type": "text",
            "value": "Atom-Powered Robots Run Amok",
            "attributes": {},
            "children": []
          }
        ]
      }
    ]
  }
]
=== === === === === === === === === === === === ===
Current: link (<link href="http://example.org/2003/12/13/atom03"/>)
Stack: []
Tree: [
  {
    "name": "title",
    "type": "elementOpenTag",
    "value": "<title>",
    "attributes": {},
    "children": [
      {
        "name": "child",
        "type": "text",
        "value": "Example Feed",
        "attributes": {},
        "children": []
      }
    ]
  },
  {
    "name": "link",
    "type": "elementSelfClosingTag",
    "value": "<link href=\"http://example.org/\"/>",
    "attributes": {
      "href": "http://example.org/"
    },
    "children": []
  },
  {
    "name": "updated",
    "type": "elementOpenTag",
    "value": "<updated>",
    "attributes": {},
    "children": [
      {
        "name": "child",
        "type": "text",
        "value": "2003-12-13T18:30:02Z",
        "attributes": {},
        "children": []
      }
    ]
  },
  {
    "name": "author",
    "type": "elementOpenTag",
    "value": "<author>",
    "attributes": {},
    "children": [
      {
        "name": "name",
        "type": "elementOpenTag",
        "value": "<name>",
        "attributes": {},
        "children": [
          {
            "name": "child",
            "type": "text",
            "value": "John Doe",
            "attributes": {},
            "children": []
          }
        ]
      }
    ]
  },
  {
    "name": "id",
    "type": "elementOpenTag",
    "value": "<id>",
    "attributes": {},
    "children": [
      {
        "name": "child",
        "type": "text",
        "value": "urn:uuid:60a76c80-d399-11d9-b93C-0003939e0af6",
        "attributes": {},
        "children": []
      }
    ]
  },
  {
    "name": "entry",
    "type": "elementOpenTag",
    "value": "<entry>",
    "attributes": {},
    "children": [
      {
        "name": "title",
        "type": "elementOpenTag",
        "value": "<title>",
        "attributes": {},
        "children": [
          {
            "name": "child",
            "type": "text",
            "value": "Atom-Powered Robots Run Amok",
            "attributes": {},
            "children": []
          }
        ]
      }
    ]
  },
  {
    "name": "link",
    "type": "elementSelfClosingTag",
    "value": "<link href=\"http://example.org/2003/12/13/atom03\"/>",
    "attributes": {
      "href": "http://example.org/2003/12/13/atom03"
    },
    "children": []
  }
]
=== === === === === === === === === === === === ===
Current: id (<id>)
Stack: [
  {
    "name": "id",
    "type": "elementOpenTag",
    "value": "<id>",
    "attributes": {},
    "children": []
  }
]
Tree: [
  {
    "name": "title",
    "type": "elementOpenTag",
    "value": "<title>",
    "attributes": {},
    "children": [
      {
        "name": "child",
        "type": "text",
        "value": "Example Feed",
        "attributes": {},
        "children": []
      }
    ]
  },
  {
    "name": "link",
    "type": "elementSelfClosingTag",
    "value": "<link href=\"http://example.org/\"/>",
    "attributes": {
      "href": "http://example.org/"
    },
    "children": []
  },
  {
    "name": "updated",
    "type": "elementOpenTag",
    "value": "<updated>",
    "attributes": {},
    "children": [
      {
        "name": "child",
        "type": "text",
        "value": "2003-12-13T18:30:02Z",
        "attributes": {},
        "children": []
      }
    ]
  },
  {
    "name": "author",
    "type": "elementOpenTag",
    "value": "<author>",
    "attributes": {},
    "children": [
      {
        "name": "name",
        "type": "elementOpenTag",
        "value": "<name>",
        "attributes": {},
        "children": [
          {
            "name": "child",
            "type": "text",
            "value": "John Doe",
            "attributes": {},
            "children": []
          }
        ]
      }
    ]
  },
  {
    "name": "id",
    "type": "elementOpenTag",
    "value": "<id>",
    "attributes": {},
    "children": [
      {
        "name": "child",
        "type": "text",
        "value": "urn:uuid:60a76c80-d399-11d9-b93C-0003939e0af6",
        "attributes": {},
        "children": []
      }
    ]
  },
  {
    "name": "entry",
    "type": "elementOpenTag",
    "value": "<entry>",
    "attributes": {},
    "children": [
      {
        "name": "title",
        "type": "elementOpenTag",
        "value": "<title>",
        "attributes": {},
        "children": [
          {
            "name": "child",
            "type": "text",
            "value": "Atom-Powered Robots Run Amok",
            "attributes": {},
            "children": []
          }
        ]
      }
    ]
  },
  {
    "name": "link",
    "type": "elementSelfClosingTag",
    "value": "<link href=\"http://example.org/2003/12/13/atom03\"/>",
    "attributes": {
      "href": "http://example.org/2003/12/13/atom03"
    },
    "children": []
  }
]
=== === === === === === === === === === === === ===
Current: child (urn:uuid:1225c695-cfb8-4ebb-aaaa-80da344efa6a)
Stack: [
  {
    "name": "id",
    "type": "elementOpenTag",
    "value": "<id>",
    "attributes": {},
    "children": [
      {
        "name": "child",
        "type": "text",
        "value": "urn:uuid:1225c695-cfb8-4ebb-aaaa-80da344efa6a",
        "attributes": {},
        "children": []
      }
    ]
  }
]
Tree: [
  {
    "name": "title",
    "type": "elementOpenTag",
    "value": "<title>",
    "attributes": {},
    "children": [
      {
        "name": "child",
        "type": "text",
        "value": "Example Feed",
        "attributes": {},
        "children": []
      }
    ]
  },
  {
    "name": "link",
    "type": "elementSelfClosingTag",
    "value": "<link href=\"http://example.org/\"/>",
    "attributes": {
      "href": "http://example.org/"
    },
    "children": []
  },
  {
    "name": "updated",
    "type": "elementOpenTag",
    "value": "<updated>",
    "attributes": {},
    "children": [
      {
        "name": "child",
        "type": "text",
        "value": "2003-12-13T18:30:02Z",
        "attributes": {},
        "children": []
      }
    ]
  },
  {
    "name": "author",
    "type": "elementOpenTag",
    "value": "<author>",
    "attributes": {},
    "children": [
      {
        "name": "name",
        "type": "elementOpenTag",
        "value": "<name>",
        "attributes": {},
        "children": [
          {
            "name": "child",
            "type": "text",
            "value": "John Doe",
            "attributes": {},
            "children": []
          }
        ]
      }
    ]
  },
  {
    "name": "id",
    "type": "elementOpenTag",
    "value": "<id>",
    "attributes": {},
    "children": [
      {
        "name": "child",
        "type": "text",
        "value": "urn:uuid:60a76c80-d399-11d9-b93C-0003939e0af6",
        "attributes": {},
        "children": []
      }
    ]
  },
  {
    "name": "entry",
    "type": "elementOpenTag",
    "value": "<entry>",
    "attributes": {},
    "children": [
      {
        "name": "title",
        "type": "elementOpenTag",
        "value": "<title>",
        "attributes": {},
        "children": [
          {
            "name": "child",
            "type": "text",
            "value": "Atom-Powered Robots Run Amok",
            "attributes": {},
            "children": []
          }
        ]
      }
    ]
  },
  {
    "name": "link",
    "type": "elementSelfClosingTag",
    "value": "<link href=\"http://example.org/2003/12/13/atom03\"/>",
    "attributes": {
      "href": "http://example.org/2003/12/13/atom03"
    },
    "children": []
  }
]
=== === === === === === === === === === === === ===
Current: id (</id>)
Stack: []
Tree: [
  {
    "name": "title",
    "type": "elementOpenTag",
    "value": "<title>",
    "attributes": {},
    "children": [
      {
        "name": "child",
        "type": "text",
        "value": "Example Feed",
        "attributes": {},
        "children": []
      }
    ]
  },
  {
    "name": "link",
    "type": "elementSelfClosingTag",
    "value": "<link href=\"http://example.org/\"/>",
    "attributes": {
      "href": "http://example.org/"
    },
    "children": []
  },
  {
    "name": "updated",
    "type": "elementOpenTag",
    "value": "<updated>",
    "attributes": {},
    "children": [
      {
        "name": "child",
        "type": "text",
        "value": "2003-12-13T18:30:02Z",
        "attributes": {},
        "children": []
      }
    ]
  },
  {
    "name": "author",
    "type": "elementOpenTag",
    "value": "<author>",
    "attributes": {},
    "children": [
      {
        "name": "name",
        "type": "elementOpenTag",
        "value": "<name>",
        "attributes": {},
        "children": [
          {
            "name": "child",
            "type": "text",
            "value": "John Doe",
            "attributes": {},
            "children": []
          }
        ]
      }
    ]
  },
  {
    "name": "id",
    "type": "elementOpenTag",
    "value": "<id>",
    "attributes": {},
    "children": [
      {
        "name": "child",
        "type": "text",
        "value": "urn:uuid:60a76c80-d399-11d9-b93C-0003939e0af6",
        "attributes": {},
        "children": []
      }
    ]
  },
  {
    "name": "entry",
    "type": "elementOpenTag",
    "value": "<entry>",
    "attributes": {},
    "children": [
      {
        "name": "title",
        "type": "elementOpenTag",
        "value": "<title>",
        "attributes": {},
        "children": [
          {
            "name": "child",
            "type": "text",
            "value": "Atom-Powered Robots Run Amok",
            "attributes": {},
            "children": []
          }
        ]
      }
    ]
  },
  {
    "name": "link",
    "type": "elementSelfClosingTag",
    "value": "<link href=\"http://example.org/2003/12/13/atom03\"/>",
    "attributes": {
      "href": "http://example.org/2003/12/13/atom03"
    },
    "children": []
  },
  {
    "name": "id",
    "type": "elementOpenTag",
    "value": "<id>",
    "attributes": {},
    "children": [
      {
        "name": "child",
        "type": "text",
        "value": "urn:uuid:1225c695-cfb8-4ebb-aaaa-80da344efa6a",
        "attributes": {},
        "children": []
      }
    ]
  }
]
=== === === === === === === === === === === === ===
Current: updated (<updated>)
Stack: [
  {
    "name": "updated",
    "type": "elementOpenTag",
    "value": "<updated>",
    "attributes": {},
    "children": []
  }
]
Tree: [
  {
    "name": "title",
    "type": "elementOpenTag",
    "value": "<title>",
    "attributes": {},
    "children": [
      {
        "name": "child",
        "type": "text",
        "value": "Example Feed",
        "attributes": {},
        "children": []
      }
    ]
  },
  {
    "name": "link",
    "type": "elementSelfClosingTag",
    "value": "<link href=\"http://example.org/\"/>",
    "attributes": {
      "href": "http://example.org/"
    },
    "children": []
  },
  {
    "name": "updated",
    "type": "elementOpenTag",
    "value": "<updated>",
    "attributes": {},
    "children": [
      {
        "name": "child",
        "type": "text",
        "value": "2003-12-13T18:30:02Z",
        "attributes": {},
        "children": []
      }
    ]
  },
  {
    "name": "author",
    "type": "elementOpenTag",
    "value": "<author>",
    "attributes": {},
    "children": [
      {
        "name": "name",
        "type": "elementOpenTag",
        "value": "<name>",
        "attributes": {},
        "children": [
          {
            "name": "child",
            "type": "text",
            "value": "John Doe",
            "attributes": {},
            "children": []
          }
        ]
      }
    ]
  },
  {
    "name": "id",
    "type": "elementOpenTag",
    "value": "<id>",
    "attributes": {},
    "children": [
      {
        "name": "child",
        "type": "text",
        "value": "urn:uuid:60a76c80-d399-11d9-b93C-0003939e0af6",
        "attributes": {},
        "children": []
      }
    ]
  },
  {
    "name": "entry",
    "type": "elementOpenTag",
    "value": "<entry>",
    "attributes": {},
    "children": [
      {
        "name": "title",
        "type": "elementOpenTag",
        "value": "<title>",
        "attributes": {},
        "children": [
          {
            "name": "child",
            "type": "text",
            "value": "Atom-Powered Robots Run Amok",
            "attributes": {},
            "children": []
          }
        ]
      }
    ]
  },
  {
    "name": "link",
    "type": "elementSelfClosingTag",
    "value": "<link href=\"http://example.org/2003/12/13/atom03\"/>",
    "attributes": {
      "href": "http://example.org/2003/12/13/atom03"
    },
    "children": []
  },
  {
    "name": "id",
    "type": "elementOpenTag",
    "value": "<id>",
    "attributes": {},
    "children": [
      {
        "name": "child",
        "type": "text",
        "value": "urn:uuid:1225c695-cfb8-4ebb-aaaa-80da344efa6a",
        "attributes": {},
        "children": []
      }
    ]
  }
]
=== === === === === === === === === === === === ===
Current: child (2003-12-13T18:30:02Z)
Stack: [
  {
    "name": "updated",
    "type": "elementOpenTag",
    "value": "<updated>",
    "attributes": {},
    "children": [
      {
        "name": "child",
        "type": "text",
        "value": "2003-12-13T18:30:02Z",
        "attributes": {},
        "children": []
      }
    ]
  }
]
Tree: [
  {
    "name": "title",
    "type": "elementOpenTag",
    "value": "<title>",
    "attributes": {},
    "children": [
      {
        "name": "child",
        "type": "text",
        "value": "Example Feed",
        "attributes": {},
        "children": []
      }
    ]
  },
  {
    "name": "link",
    "type": "elementSelfClosingTag",
    "value": "<link href=\"http://example.org/\"/>",
    "attributes": {
      "href": "http://example.org/"
    },
    "children": []
  },
  {
    "name": "updated",
    "type": "elementOpenTag",
    "value": "<updated>",
    "attributes": {},
    "children": [
      {
        "name": "child",
        "type": "text",
        "value": "2003-12-13T18:30:02Z",
        "attributes": {},
        "children": []
      }
    ]
  },
  {
    "name": "author",
    "type": "elementOpenTag",
    "value": "<author>",
    "attributes": {},
    "children": [
      {
        "name": "name",
        "type": "elementOpenTag",
        "value": "<name>",
        "attributes": {},
        "children": [
          {
            "name": "child",
            "type": "text",
            "value": "John Doe",
            "attributes": {},
            "children": []
          }
        ]
      }
    ]
  },
  {
    "name": "id",
    "type": "elementOpenTag",
    "value": "<id>",
    "attributes": {},
    "children": [
      {
        "name": "child",
        "type": "text",
        "value": "urn:uuid:60a76c80-d399-11d9-b93C-0003939e0af6",
        "attributes": {},
        "children": []
      }
    ]
  },
  {
    "name": "entry",
    "type": "elementOpenTag",
    "value": "<entry>",
    "attributes": {},
    "children": [
      {
        "name": "title",
        "type": "elementOpenTag",
        "value": "<title>",
        "attributes": {},
        "children": [
          {
            "name": "child",
            "type": "text",
            "value": "Atom-Powered Robots Run Amok",
            "attributes": {},
            "children": []
          }
        ]
      }
    ]
  },
  {
    "name": "link",
    "type": "elementSelfClosingTag",
    "value": "<link href=\"http://example.org/2003/12/13/atom03\"/>",
    "attributes": {
      "href": "http://example.org/2003/12/13/atom03"
    },
    "children": []
  },
  {
    "name": "id",
    "type": "elementOpenTag",
    "value": "<id>",
    "attributes": {},
    "children": [
      {
        "name": "child",
        "type": "text",
        "value": "urn:uuid:1225c695-cfb8-4ebb-aaaa-80da344efa6a",
        "attributes": {},
        "children": []
      }
    ]
  }
]
=== === === === === === === === === === === === ===
Current: updated (</updated>)
Stack: []
Tree: [
  {
    "name": "title",
    "type": "elementOpenTag",
    "value": "<title>",
    "attributes": {},
    "children": [
      {
        "name": "child",
        "type": "text",
        "value": "Example Feed",
        "attributes": {},
        "children": []
      }
    ]
  },
  {
    "name": "link",
    "type": "elementSelfClosingTag",
    "value": "<link href=\"http://example.org/\"/>",
    "attributes": {
      "href": "http://example.org/"
    },
    "children": []
  },
  {
    "name": "updated",
    "type": "elementOpenTag",
    "value": "<updated>",
    "attributes": {},
    "children": [
      {
        "name": "child",
        "type": "text",
        "value": "2003-12-13T18:30:02Z",
        "attributes": {},
        "children": []
      }
    ]
  },
  {
    "name": "author",
    "type": "elementOpenTag",
    "value": "<author>",
    "attributes": {},
    "children": [
      {
        "name": "name",
        "type": "elementOpenTag",
        "value": "<name>",
        "attributes": {},
        "children": [
          {
            "name": "child",
            "type": "text",
            "value": "John Doe",
            "attributes": {},
            "children": []
          }
        ]
      }
    ]
  },
  {
    "name": "id",
    "type": "elementOpenTag",
    "value": "<id>",
    "attributes": {},
    "children": [
      {
        "name": "child",
        "type": "text",
        "value": "urn:uuid:60a76c80-d399-11d9-b93C-0003939e0af6",
        "attributes": {},
        "children": []
      }
    ]
  },
  {
    "name": "entry",
    "type": "elementOpenTag",
    "value": "<entry>",
    "attributes": {},
    "children": [
      {
        "name": "title",
        "type": "elementOpenTag",
        "value": "<title>",
        "attributes": {},
        "children": [
          {
            "name": "child",
            "type": "text",
            "value": "Atom-Powered Robots Run Amok",
            "attributes": {},
            "children": []
          }
        ]
      }
    ]
  },
  {
    "name": "link",
    "type": "elementSelfClosingTag",
    "value": "<link href=\"http://example.org/2003/12/13/atom03\"/>",
    "attributes": {
      "href": "http://example.org/2003/12/13/atom03"
    },
    "children": []
  },
  {
    "name": "id",
    "type": "elementOpenTag",
    "value": "<id>",
    "attributes": {},
    "children": [
      {
        "name": "child",
        "type": "text",
        "value": "urn:uuid:1225c695-cfb8-4ebb-aaaa-80da344efa6a",
        "attributes": {},
        "children": []
      }
    ]
  },
  {
    "name": "updated",
    "type": "elementOpenTag",
    "value": "<updated>",
    "attributes": {},
    "children": [
      {
        "name": "child",
        "type": "text",
        "value": "2003-12-13T18:30:02Z",
        "attributes": {},
        "children": []
      }
    ]
  }
]
=== === === === === === === === === === === === ===
Current: summary (<summary>)
Stack: [
  {
    "name": "summary",
    "type": "elementOpenTag",
    "value": "<summary>",
    "attributes": {},
    "children": []
  }
]
Tree: [
  {
    "name": "title",
    "type": "elementOpenTag",
    "value": "<title>",
    "attributes": {},
    "children": [
      {
        "name": "child",
        "type": "text",
        "value": "Example Feed",
        "attributes": {},
        "children": []
      }
    ]
  },
  {
    "name": "link",
    "type": "elementSelfClosingTag",
    "value": "<link href=\"http://example.org/\"/>",
    "attributes": {
      "href": "http://example.org/"
    },
    "children": []
  },
  {
    "name": "updated",
    "type": "elementOpenTag",
    "value": "<updated>",
    "attributes": {},
    "children": [
      {
        "name": "child",
        "type": "text",
        "value": "2003-12-13T18:30:02Z",
        "attributes": {},
        "children": []
      }
    ]
  },
  {
    "name": "author",
    "type": "elementOpenTag",
    "value": "<author>",
    "attributes": {},
    "children": [
      {
        "name": "name",
        "type": "elementOpenTag",
        "value": "<name>",
        "attributes": {},
        "children": [
          {
            "name": "child",
            "type": "text",
            "value": "John Doe",
            "attributes": {},
            "children": []
          }
        ]
      }
    ]
  },
  {
    "name": "id",
    "type": "elementOpenTag",
    "value": "<id>",
    "attributes": {},
    "children": [
      {
        "name": "child",
        "type": "text",
        "value": "urn:uuid:60a76c80-d399-11d9-b93C-0003939e0af6",
        "attributes": {},
        "children": []
      }
    ]
  },
  {
    "name": "entry",
    "type": "elementOpenTag",
    "value": "<entry>",
    "attributes": {},
    "children": [
      {
        "name": "title",
        "type": "elementOpenTag",
        "value": "<title>",
        "attributes": {},
        "children": [
          {
            "name": "child",
            "type": "text",
            "value": "Atom-Powered Robots Run Amok",
            "attributes": {},
            "children": []
          }
        ]
      }
    ]
  },
  {
    "name": "link",
    "type": "elementSelfClosingTag",
    "value": "<link href=\"http://example.org/2003/12/13/atom03\"/>",
    "attributes": {
      "href": "http://example.org/2003/12/13/atom03"
    },
    "children": []
  },
  {
    "name": "id",
    "type": "elementOpenTag",
    "value": "<id>",
    "attributes": {},
    "children": [
      {
        "name": "child",
        "type": "text",
        "value": "urn:uuid:1225c695-cfb8-4ebb-aaaa-80da344efa6a",
        "attributes": {},
        "children": []
      }
    ]
  },
  {
    "name": "updated",
    "type": "elementOpenTag",
    "value": "<updated>",
    "attributes": {},
    "children": [
      {
        "name": "child",
        "type": "text",
        "value": "2003-12-13T18:30:02Z",
        "attributes": {},
        "children": []
      }
    ]
  }
]
=== === === === === === === === === === === === ===
Current: child (Some text.)
Stack: [
  {
    "name": "summary",
    "type": "elementOpenTag",
    "value": "<summary>",
    "attributes": {},
    "children": [
      {
        "name": "child",
        "type": "text",
        "value": "Some text.",
        "attributes": {},
        "children": []
      }
    ]
  }
]
Tree: [
  {
    "name": "title",
    "type": "elementOpenTag",
    "value": "<title>",
    "attributes": {},
    "children": [
      {
        "name": "child",
        "type": "text",
        "value": "Example Feed",
        "attributes": {},
        "children": []
      }
    ]
  },
  {
    "name": "link",
    "type": "elementSelfClosingTag",
    "value": "<link href=\"http://example.org/\"/>",
    "attributes": {
      "href": "http://example.org/"
    },
    "children": []
  },
  {
    "name": "updated",
    "type": "elementOpenTag",
    "value": "<updated>",
    "attributes": {},
    "children": [
      {
        "name": "child",
        "type": "text",
        "value": "2003-12-13T18:30:02Z",
        "attributes": {},
        "children": []
      }
    ]
  },
  {
    "name": "author",
    "type": "elementOpenTag",
    "value": "<author>",
    "attributes": {},
    "children": [
      {
        "name": "name",
        "type": "elementOpenTag",
        "value": "<name>",
        "attributes": {},
        "children": [
          {
            "name": "child",
            "type": "text",
            "value": "John Doe",
            "attributes": {},
            "children": []
          }
        ]
      }
    ]
  },
  {
    "name": "id",
    "type": "elementOpenTag",
    "value": "<id>",
    "attributes": {},
    "children": [
      {
        "name": "child",
        "type": "text",
        "value": "urn:uuid:60a76c80-d399-11d9-b93C-0003939e0af6",
        "attributes": {},
        "children": []
      }
    ]
  },
  {
    "name": "entry",
    "type": "elementOpenTag",
    "value": "<entry>",
    "attributes": {},
    "children": [
      {
        "name": "title",
        "type": "elementOpenTag",
        "value": "<title>",
        "attributes": {},
        "children": [
          {
            "name": "child",
            "type": "text",
            "value": "Atom-Powered Robots Run Amok",
            "attributes": {},
            "children": []
          }
        ]
      }
    ]
  },
  {
    "name": "link",
    "type": "elementSelfClosingTag",
    "value": "<link href=\"http://example.org/2003/12/13/atom03\"/>",
    "attributes": {
      "href": "http://example.org/2003/12/13/atom03"
    },
    "children": []
  },
  {
    "name": "id",
    "type": "elementOpenTag",
    "value": "<id>",
    "attributes": {},
    "children": [
      {
        "name": "child",
        "type": "text",
        "value": "urn:uuid:1225c695-cfb8-4ebb-aaaa-80da344efa6a",
        "attributes": {},
        "children": []
      }
    ]
  },
  {
    "name": "updated",
    "type": "elementOpenTag",
    "value": "<updated>",
    "attributes": {},
    "children": [
      {
        "name": "child",
        "type": "text",
        "value": "2003-12-13T18:30:02Z",
        "attributes": {},
        "children": []
      }
    ]
  }
]
=== === === === === === === === === === === === ===
Current: summary (</summary>)
Stack: []
Tree: [
  {
    "name": "title",
    "type": "elementOpenTag",
    "value": "<title>",
    "attributes": {},
    "children": [
      {
        "name": "child",
        "type": "text",
        "value": "Example Feed",
        "attributes": {},
        "children": []
      }
    ]
  },
  {
    "name": "link",
    "type": "elementSelfClosingTag",
    "value": "<link href=\"http://example.org/\"/>",
    "attributes": {
      "href": "http://example.org/"
    },
    "children": []
  },
  {
    "name": "updated",
    "type": "elementOpenTag",
    "value": "<updated>",
    "attributes": {},
    "children": [
      {
        "name": "child",
        "type": "text",
        "value": "2003-12-13T18:30:02Z",
        "attributes": {},
        "children": []
      }
    ]
  },
  {
    "name": "author",
    "type": "elementOpenTag",
    "value": "<author>",
    "attributes": {},
    "children": [
      {
        "name": "name",
        "type": "elementOpenTag",
        "value": "<name>",
        "attributes": {},
        "children": [
          {
            "name": "child",
            "type": "text",
            "value": "John Doe",
            "attributes": {},
            "children": []
          }
        ]
      }
    ]
  },
  {
    "name": "id",
    "type": "elementOpenTag",
    "value": "<id>",
    "attributes": {},
    "children": [
      {
        "name": "child",
        "type": "text",
        "value": "urn:uuid:60a76c80-d399-11d9-b93C-0003939e0af6",
        "attributes": {},
        "children": []
      }
    ]
  },
  {
    "name": "entry",
    "type": "elementOpenTag",
    "value": "<entry>",
    "attributes": {},
    "children": [
      {
        "name": "title",
        "type": "elementOpenTag",
        "value": "<title>",
        "attributes": {},
        "children": [
          {
            "name": "child",
            "type": "text",
            "value": "Atom-Powered Robots Run Amok",
            "attributes": {},
            "children": []
          }
        ]
      }
    ]
  },
  {
    "name": "link",
    "type": "elementSelfClosingTag",
    "value": "<link href=\"http://example.org/2003/12/13/atom03\"/>",
    "attributes": {
      "href": "http://example.org/2003/12/13/atom03"
    },
    "children": []
  },
  {
    "name": "id",
    "type": "elementOpenTag",
    "value": "<id>",
    "attributes": {},
    "children": [
      {
        "name": "child",
        "type": "text",
        "value": "urn:uuid:1225c695-cfb8-4ebb-aaaa-80da344efa6a",
        "attributes": {},
        "children": []
      }
    ]
  },
  {
    "name": "updated",
    "type": "elementOpenTag",
    "value": "<updated>",
    "attributes": {},
    "children": [
      {
        "name": "child",
        "type": "text",
        "value": "2003-12-13T18:30:02Z",
        "attributes": {},
        "children": []
      }
    ]
  },
  {
    "name": "summary",
    "type": "elementOpenTag",
    "value": "<summary>",
    "attributes": {},
    "children": [
      {
        "name": "child",
        "type": "text",
        "value": "Some text.",
        "attributes": {},
        "children": []
      }
    ]
  }
]
=== === === === === === === === === === === === ===
Current: entry (</entry>)
Stack: []
Tree: [
  {
    "name": "title",
    "type": "elementOpenTag",
    "value": "<title>",
    "attributes": {},
    "children": [
      {
        "name": "child",
        "type": "text",
        "value": "Example Feed",
        "attributes": {},
        "children": []
      }
    ]
  },
  {
    "name": "link",
    "type": "elementSelfClosingTag",
    "value": "<link href=\"http://example.org/\"/>",
    "attributes": {
      "href": "http://example.org/"
    },
    "children": []
  },
  {
    "name": "updated",
    "type": "elementOpenTag",
    "value": "<updated>",
    "attributes": {},
    "children": [
      {
        "name": "child",
        "type": "text",
        "value": "2003-12-13T18:30:02Z",
        "attributes": {},
        "children": []
      }
    ]
  },
  {
    "name": "author",
    "type": "elementOpenTag",
    "value": "<author>",
    "attributes": {},
    "children": [
      {
        "name": "name",
        "type": "elementOpenTag",
        "value": "<name>",
        "attributes": {},
        "children": [
          {
            "name": "child",
            "type": "text",
            "value": "John Doe",
            "attributes": {},
            "children": []
          }
        ]
      }
    ]
  },
  {
    "name": "id",
    "type": "elementOpenTag",
    "value": "<id>",
    "attributes": {},
    "children": [
      {
        "name": "child",
        "type": "text",
        "value": "urn:uuid:60a76c80-d399-11d9-b93C-0003939e0af6",
        "attributes": {},
        "children": []
      }
    ]
  },
  {
    "name": "entry",
    "type": "elementOpenTag",
    "value": "<entry>",
    "attributes": {},
    "children": [
      {
        "name": "title",
        "type": "elementOpenTag",
        "value": "<title>",
        "attributes": {},
        "children": [
          {
            "name": "child",
            "type": "text",
            "value": "Atom-Powered Robots Run Amok",
            "attributes": {},
            "children": []
          }
        ]
      }
    ]
  },
  {
    "name": "link",
    "type": "elementSelfClosingTag",
    "value": "<link href=\"http://example.org/2003/12/13/atom03\"/>",
    "attributes": {
      "href": "http://example.org/2003/12/13/atom03"
    },
    "children": []
  },
  {
    "name": "id",
    "type": "elementOpenTag",
    "value": "<id>",
    "attributes": {},
    "children": [
      {
        "name": "child",
        "type": "text",
        "value": "urn:uuid:1225c695-cfb8-4ebb-aaaa-80da344efa6a",
        "attributes": {},
        "children": []
      }
    ]
  },
  {
    "name": "updated",
    "type": "elementOpenTag",
    "value": "<updated>",
    "attributes": {},
    "children": [
      {
        "name": "child",
        "type": "text",
        "value": "2003-12-13T18:30:02Z",
        "attributes": {},
        "children": []
      }
    ]
  },
  {
    "name": "summary",
    "type": "elementOpenTag",
    "value": "<summary>",
    "attributes": {},
    "children": [
      {
        "name": "child",
        "type": "text",
        "value": "Some text.",
        "attributes": {},
        "children": []
      }
    ]
  }
]
=== === === === === === === === === === === === ===
Current: feed (</feed>)
Stack: []
Tree: [
  {
    "name": "title",
    "type": "elementOpenTag",
    "value": "<title>",
    "attributes": {},
    "children": [
      {
        "name": "child",
        "type": "text",
        "value": "Example Feed",
        "attributes": {},
        "children": []
      }
    ]
  },
  {
    "name": "link",
    "type": "elementSelfClosingTag",
    "value": "<link href=\"http://example.org/\"/>",
    "attributes": {
      "href": "http://example.org/"
    },
    "children": []
  },
  {
    "name": "updated",
    "type": "elementOpenTag",
    "value": "<updated>",
    "attributes": {},
    "children": [
      {
        "name": "child",
        "type": "text",
        "value": "2003-12-13T18:30:02Z",
        "attributes": {},
        "children": []
      }
    ]
  },
  {
    "name": "author",
    "type": "elementOpenTag",
    "value": "<author>",
    "attributes": {},
    "children": [
      {
        "name": "name",
        "type": "elementOpenTag",
        "value": "<name>",
        "attributes": {},
        "children": [
          {
            "name": "child",
            "type": "text",
            "value": "John Doe",
            "attributes": {},
            "children": []
          }
        ]
      }
    ]
  },
  {
    "name": "id",
    "type": "elementOpenTag",
    "value": "<id>",
    "attributes": {},
    "children": [
      {
        "name": "child",
        "type": "text",
        "value": "urn:uuid:60a76c80-d399-11d9-b93C-0003939e0af6",
        "attributes": {},
        "children": []
      }
    ]
  },
  {
    "name": "entry",
    "type": "elementOpenTag",
    "value": "<entry>",
    "attributes": {},
    "children": [
      {
        "name": "title",
        "type": "elementOpenTag",
        "value": "<title>",
        "attributes": {},
        "children": [
          {
            "name": "child",
            "type": "text",
            "value": "Atom-Powered Robots Run Amok",
            "attributes": {},
            "children": []
          }
        ]
      }
    ]
  },
  {
    "name": "link",
    "type": "elementSelfClosingTag",
    "value": "<link href=\"http://example.org/2003/12/13/atom03\"/>",
    "attributes": {
      "href": "http://example.org/2003/12/13/atom03"
    },
    "children": []
  },
  {
    "name": "id",
    "type": "elementOpenTag",
    "value": "<id>",
    "attributes": {},
    "children": [
      {
        "name": "child",
        "type": "text",
        "value": "urn:uuid:1225c695-cfb8-4ebb-aaaa-80da344efa6a",
        "attributes": {},
        "children": []
      }
    ]
  },
  {
    "name": "updated",
    "type": "elementOpenTag",
    "value": "<updated>",
    "attributes": {},
    "children": [
      {
        "name": "child",
        "type": "text",
        "value": "2003-12-13T18:30:02Z",
        "attributes": {},
        "children": []
      }
    ]
  },
  {
    "name": "summary",
    "type": "elementOpenTag",
    "value": "<summary>",
    "attributes": {},
    "children": [
      {
        "name": "child",
        "type": "text",
        "value": "Some text.",
        "attributes": {},
        "children": []
      }
    ]
  }
]
